=== Deployment Script Log Started ===
Timestamp: 2025-09-05 16:16:33 IST
Script: ./test.sh
Arguments: ./logs
=========================================

[2025-09-05 16:16:33] [INFO]: Checking Prerequisites...
[2025-09-05 16:16:33] [DEBUG]: arch: x86_64
[2025-09-05 16:16:33] [DEBUG]: os: Linux
==================================================
[2025-09-05 16:16:33] [INFO]: Checking OS and ARCH
[2025-09-05 16:16:33] [INFO]: Checking variable OS...
[2025-09-05 16:16:33] [SUCCESS]: Variable 'OS' is set to: Linux
[2025-09-05 16:16:33] [INFO]: Checking variable ARCH...
[2025-09-05 16:16:33] [SUCCESS]: Variable 'ARCH' is set to: x86_64
[2025-09-05 16:16:33] [SUCCESS]: Operating System and Architecture are supported
==================================================
[2025-09-05 16:16:33] [INFO]: Validating script parameters
[2025-09-05 16:16:33] [SUCCESS]: Parameters are valid
==================================================
[2025-09-05 16:16:33] [INFO]: Checking required tools
[2025-09-05 16:16:33] [INFO]: Checking yq...
[2025-09-05 16:16:33] [SUCCESS]: yq found with version: yq (https://github.com/mikefarah/yq/) version v4.47.1
[2025-09-05 16:16:33] [INFO]: Checking yv...
[2025-09-05 16:16:33] [ERROR]: Prerequisite check failed: yv not found or not executable
