[2025-10-09 11:42:20] [INFO]: 🎯 Production Kubernetes Bootstrap
[2025-10-09 11:42:20] [INFO]: Inventory: production
[2025-10-09 11:42:20] [INFO]: Start phase: 2
[2025-10-09 11:42:20] [INFO]: Log directory: /home/devsupreme/work/pn-infra/v0.2.0/bootstrap/scripts/logs
[2025-10-09 11:42:20] [INFO]: Log file: /home/devsupreme/work/pn-infra/v0.2.0/bootstrap/scripts/logs/bootstrap-20251009_114220.log
[2025-10-09 11:42:20] [INFO]: Verbose mode: enabled
==================================================================
[2025-10-09 11:42:20] [INFO]: Checking prerequisites...
[2025-10-09 11:42:20] [SUCCESS]: ansible-playbook found
[2025-10-09 11:42:20] [SUCCESS]: kubectl found
[2025-10-09 11:42:20] [SUCCESS]: helm found
[2025-10-09 11:42:24] [INFO]: 🏗️  PHASE 2: Deploying infrastructure
==================================================================
[2025-10-09 11:42:24] [INFO]: Waiting for Kubernetes API to be accessible...
[2025-10-09 11:42:24] [INFO]: Checking Kubernetes API accessibility on master node: 192.168.106.111
[2025-10-09 11:42:26] [SUCCESS]: Kubernetes API accessible on 192.168.106.111: 10 nodes detected
[2025-10-09 11:42:26] [INFO]: Note: Nodes may be NotReady - this is expected before CNI deployment
[2025-10-09 11:42:26] [INFO]: Running: Critical infrastructure (CNI, Ingress, Cert-Manager, Storage, Vault)
[2025-10-09 11:42:26] [INFO]: Command: ansible-playbook -i "/home/devsupreme/work/pn-infra/v0.2.0/bootstrap/scripts/../ansible/inventory/production.yml" -v "/home/devsupreme/work/pn-infra/v0.2.0/bootstrap/scripts/../ansible/playbooks/post-install-infrastructure.yml"
No config file found; using defaults
ERROR! couldn't resolve module/action 'k8s_exec'. This often indicates a misspelling, missing collection, or incorrect module path.

The error appears to be in '/home/devsupreme/work/pn-infra/v0.2.0/bootstrap/ansible/playbooks/post-install-infrastructure.yml': line 118, column 11, but may
be elsewhere in the file depending on the exact syntax problem.

The offending line appears to be:


        - name: Verify CNI connectivity test
          ^ here
[0;31m[ERROR][0m Script failed at line 173
[2025-10-09 11:42:27] [ERROR]: Script failed at line 173
[2025-10-09 11:42:27] [ERROR]: Playbook failed: post-install-infrastructure.yml
